<?xml version="1.0" encoding="UTF-8"?>
<!-- Generated by org.testng.reporters.JUnitXMLReporter -->
<testsuite ignored="5" hostname="GAVLMUMDT-046" failures="0" tests="1" name="Default test" time="20.603" errors="0" timestamp="2025-01-21T15:14:11 IST">
  <testcase classname="io.GAVL.Sankalp.verifyQandAFuntionality" name="verifyUserAbleToCreateComplaintWithAppIssueOption" time="11.398"/>
  <testcase classname="io.GAVL.Sankalp.verifyQandAFuntionality" name="verifyUserableToCreateQueryWithProductEficacyandDosageOption" time="0.0">
    <ignored/>
  </testcase> <!-- verifyUserableToCreateQueryWithProductEficacyandDosageOption -->
  <testcase classname="io.GAVL.Sankalp.verifyQandAFuntionality" name="verifyUserAbleToCreateComplaintWithTraderOption" time="0.0">
    <ignored/>
  </testcase> <!-- verifyUserAbleToCreateComplaintWithTraderOption -->
  <testcase classname="io.GAVL.Sankalp.verifyQandAFuntionality" name="verifyUserableToCreateQueryWithTradeOption" time="0.0">
    <ignored/>
  </testcase> <!-- verifyUserableToCreateQueryWithTradeOption -->
  <testcase classname="io.GAVL.Sankalp.verifyQandAFuntionality" name="verifyUserAbleToCreateComplaintWithProductEficacyAndDosageOption" time="0.0">
    <ignored/>
  </testcase> <!-- verifyUserAbleToCreateComplaintWithProductEficacyAndDosageOption -->
  <testcase classname="io.GAVL.Sankalp.verifyQandAFuntionality" name="verifyUserableToCreateQueryWithAppIssueOption" time="0.0">
    <ignored/>
  </testcase> <!-- verifyUserableToCreateQueryWithAppIssueOption -->
</testsuite> <!-- Default test -->
