<?xml version="1.0" encoding="UTF-8"?>
<!-- Generated by org.testng.reporters.JUnitXMLReporter -->
<testsuite ignored="1" hostname="GAVLMUMDT-046" failures="0" tests="1" name="Default test" time="24.169" errors="0" timestamp="2025-01-16T17:21:40 IST">
  <testcase classname="io.GAVL.Sankalp.verifyCodeTextFunctionality" name="verifyUserNotAbleToScanInvalidCode" time="15.93"/>
  <testcase classname="io.GAVL.Sankalp.verifyCodeTextFunctionality" name="verifyUserCanEnterValidCodeText" time="0.0">
    <ignored/>
  </testcase> <!-- verifyUserCanEnterValidCodeText -->
</testsuite> <!-- Default test -->
