<?xml version="1.0" encoding="UTF-8"?>
<testng-results ignored="0" total="1" passed="1" failed="0" skipped="0">
  <reporter-output>
  </reporter-output>
  <suite started-at="2025-01-15T17:04:39 IST" name="Default suite" finished-at="2025-01-15T17:04:53 IST" duration-ms="13589">
    <groups>
    </groups>
    <test started-at="2025-01-15T17:04:39 IST" name="Default test" finished-at="2025-01-15T17:04:53 IST" duration-ms="13589">
      <class name="io.GAVL.Sankalp.VerifyUserProfile">
        <test-method is-config="true" signature="StartApp()[pri:0, instance:io.GAVL.Sankalp.VerifyUserProfile@359f7cdf]" started-at="2025-01-15T17:04:39 IST" name="StartApp" finished-at="2025-01-15T17:04:47 IST" duration-ms="8114" status="PASS">
          <reporter-output>
          </reporter-output>
        </test-method> <!-- StartApp -->
        <test-method signature="verifyUserDetails()[pri:0, instance:io.GAVL.Sankalp.VerifyUserProfile@359f7cdf]" started-at="2025-01-15T17:04:47 IST" name="verifyUserDetails" finished-at="2025-01-15T17:04:53 IST" duration-ms="5455" status="PASS">
          <reporter-output>
          </reporter-output>
        </test-method> <!-- verifyUserDetails -->
      </class> <!-- io.GAVL.Sankalp.VerifyUserProfile -->
    </test> <!-- Default test -->
  </suite> <!-- Default suite -->
</testng-results>
